<?xml version="1.0" encoding="UTF-8"?>
<!-- Generated by org.testng.reporters.JUnitReportReporter -->
<testsuite skipped="0" hostname="DESKTOP-UAG83JE" name="com.training.sanity.tests.LoginRealEditProfileTests" tests="1" failures="0" timestamp="10 Mar 2020 10:49:40 GMT" time="54.158" errors="0">
  <testcase name="validLoginTest" time="54.158" classname="com.training.sanity.tests.LoginRealEditProfileTests"/>
</testsuite> <!-- com.training.sanity.tests.LoginRealEditProfileTests -->
