<?xml version="1.0" encoding="UTF-8"?>
<!-- Generated by org.testng.reporters.JUnitReportReporter -->
<testsuite skipped="0" hostname="DESKTOP-UAG83JE" name="com.training.sanity.tests.LoginTestRealguestuser" tests="1" failures="0" timestamp="17 Mar 2020 09:13:38 GMT" time="64.561" errors="0">
  <testcase name="validLoginTest" time="64.561" classname="com.training.sanity.tests.LoginTestRealguestuser"/>
</testsuite> <!-- com.training.sanity.tests.LoginTestRealguestuser -->
