<?xml version="1.0" encoding="UTF-8"?>
<!-- Generated by org.testng.reporters.JUnitReportReporter -->
<testsuite skipped="0" hostname="DESKTOP-UAG83JE" name="com.training.sanity.tests.LoginTestsRealReturnProd" tests="1" failures="0" timestamp="19 Mar 2020 18:14:28 GMT" time="45.319" errors="0">
  <testcase name="validLoginTest" time="45.319" classname="com.training.sanity.tests.LoginTestsRealReturnProd"/>
</testsuite> <!-- com.training.sanity.tests.LoginTestsRealReturnProd -->
