<?xml version="1.0" encoding="UTF-8"?>
<!-- Generated by org.testng.reporters.JUnitReportReporter -->
<testsuite skipped="0" hostname="DESKTOP-UAG83JE" name="com.training.sanity.tests.LoginTestsReal" tests="1" failures="0" timestamp="06 Mar 2020 11:35:46 GMT" time="42.139" errors="0">
  <testcase name="validLoginTest" time="42.139" classname="com.training.sanity.tests.LoginTestsReal"/>
</testsuite> <!-- com.training.sanity.tests.LoginTestsReal -->
