<?xml version="1.0" encoding="UTF-8"?>
<!-- Generated by org.testng.reporters.JUnitReportReporter -->
<testsuite skipped="0" hostname="DESKTOP-UAG83JE" name="com.training.sanity.tests.LoginAdminLogoutTests" tests="1" failures="0" timestamp="24 Mar 2020 18:13:47 GMT" time="67.724" errors="0">
  <testcase name="validLoginTest" time="67.724" classname="com.training.sanity.tests.LoginAdminLogoutTests"/>
</testsuite> <!-- com.training.sanity.tests.LoginAdminLogoutTests -->
