<?xml version="1.0" encoding="UTF-8"?>
<!-- Generated by org.testng.reporters.JUnitReportReporter -->
<testsuite skipped="0" hostname="DESKTOP-UAG83JE" name="com.training.sanity.tests.LoginRealchangepwdTests" tests="1" failures="0" timestamp="11 Mar 2020 11:48:57 GMT" time="33.483" errors="0">
  <testcase name="validLoginTest" time="33.483" classname="com.training.sanity.tests.LoginRealchangepwdTests"/>
</testsuite> <!-- com.training.sanity.tests.LoginRealchangepwdTests -->
